1 1 1
2 2 2
3 3 8
3 1 8
1000000 1 525
10 1 20
25 55 113
5 25 24
25 5 24
1 100 119
100 1 119
200 500 144
500 700 145
20 20000 279
12345 54321 340
13577 8655 276
24 44 112
99999 999999 525
1000000 1000000 153
1000000 999999 259
350833 359956 379
517895 520667 439
237077 246603 368
103555 107748 354
878626 887606 445
557841 558698 315
419612 429002 418
20887 28147 308
712056 714620 411
478627 482411 413
80849 84428 320
604815 614655 403
551977 556001 421
605775 610540 403
657248 662795 398
869531 870110 357
380592 381604 299
479014 480923 413
39594 41530 306
171282 172860 334
8073 10000 260
49253 49653 296
143944 145349 326
244010 249164 350
315123 318863 353
150925 160681 383
74712 80558 351
234380 239245 350
496613 500582 395
696784 698131 367
769522 770236 393
207688 214974 373
202887 207547 373
