1 10 20
100 200 125
201 210 89
900 1000 174
77468 99322 338
144664 6007 375
611239 505568 470
1212 4613 238
330601 43916 443
168396 815804 509
5538 6575 262
6717 4923 262
3269 9482 262
490786 525285 470
34786 659442 470
614854 280600 470
255048 612056 470
585301 339672 470
525369 79240 470
684258 57724 470
538773 285791 470
661771 693508 442
984130 552180 525
711146 805165 468
770329 612248 468
945277 304990 525
861744 267728 525
889441 243869 525
75395 884769 525
625247 776133 468
568414 576557 377
945934 938144 383
549978 347459 470
178947 826772 470
589438 166343 470
16043 338928 443
733959 301651 470
11888 554597 470
593593 595494 328
273649 279518 389
799906 642496 468
850156 953118 476
498538 208796 449
581265 693564 447
842778 937184 476
21019 335625 443
3 3 8
3 1 8
24 44 112
696784 698131 367
517895 520667 439
937501 1000000 507
250001 312500 407
2 64 113
50 257 128
1245 43125 324
12346 12351 144
56 10 113
70 10 113
65286 102931 351