1 10 20
100 200 125
201 210 89
900 1000 174
743221 861589 525
300927 84618 443
298848 12813 443
309700 827451 509
860357 576854 525
747004 422652 509
191036 147713 383
130029 825415 509
718747 663360 504
456529 500412 444
470102 860997 525
287283 447168 449
760537 911900 525
580097 729375 509
10893 576290 470
421640 874200 525
470552 654494 509
195094 698315 509
657201 145616 509
876282 218674 525
380959 194292 443
655992 537648 509
592648 270806 470
787350 517848 509
402993 645478 509
980035 833712 525
778604 868248 525
740095 430226 509
473272 700498 509
952603 858010 507
572848 208943 470
925473 289949 525
821685 871397 525
405062 248170 441
457910 449355 387
813622 233350 509
115874 352243 443
830951 194599 509
446696 676967 509
869865 168802 525
866865 130230 525
67240 203858 383
243079 91475 443
822070 151747 509
687930 688891 274
210061 594334 470
955118 527545 525
706954 926802 525
303314 407730 441
667173 693298 442
