1 20 21
300 600 144
1005 3007 217
500000 100 449
6000 745 238
8976 2345 262
666 666 114
987654 1000000 440
345 891 179
1094 5034 238
67380 28469 340
987089 125489 525
894 7629 262
8402 500000 449
1 1000000 525
83276 23457 351
2673 8365 262
48541 44845 314
78546 78456 307
45584 25339 324
85963 96385 333
784512 895623 525
9152 3526 262
74853 96458 351
498623 634859 509
789 6023 238
10523 10900 255
213689 745823 509
78596 45263 351
31526 96458 351
89654 152369 375
47812 96843 351
6485 213 262
123 321 131
456 654 145
789 987 179
685 352 145
4785 5478 210
2635 45215 324
3645 2897 217
100265 500968 449
800265 945632 525
600254 786000 509
345698 785632 509
485796 315264 449
1 80 116
1 70 113
1 60 113
1 50 112
1 40 112
10 100000 351
100 600000 470
500 1 144
500 800 171
