1 10 20
100 200 125
201 210 89
900 1000 174
15346 87645 351
500 500 111
666 555 145
619452 974408 525
22826 323674 443
900000 1000000 507
796831 608570 509
44664 4650 324
26220 48607 324
17069 14632 271
20098 20098 137
391 335 126
466 294 144
509 1000 179
4794 5000 210
1777 8760 262
346 1682 182
33524 3407 308
3159 3159 124
12490 34473 311
62040 156678 383
10449 77991 351
481 272 144
420 270 144
69 10 113
30 80 116
900283 999999 507
235424 844653 525
297698 43821 443
165394 430081 449
48446 665 324
37674 3659 324
1 2 2
10 50 112
9465 10354 242
21267 17882 274
53844 69413 335
145497 43210 375
234904 1000000 525
538747 850759 525
925563 856746 476
314931 402415 441
96054 156090 375
317790 196748 443
375330 500000 449
8165 17705 279
23942 46129 324
44278 17388 324
53304 10369 340
1 456 144
286 1256 182
9 5 20
1254 98765 351
78689 88117 338
88798 4052 351
38598 31848 324
