5 10 20
7 10 20
20 123 119
1245 4312 238
1234 12351 268
9932 123 262
423 123 144
98785 9853 351
723 9450 262
500 1000 179
1200 2000 180
300 200000 383
50 25 112
6 10 20
8 10 20
21 123 119
12245 4312 268
12334 12351 263
99432 123 351
4233 123 238
981785 9853 525
7323 9450 260
5400 1000 238
12200 2000 268
3100 200000 383
500 25 144
50 10 112
76 10 116
206 123 125
12456 4312 268
12346 12351 144
99326 123 351
4236 123 238
987865 9853 525
7236 9450 260
5006 1000 238
12006 2000 268
3006 200000 383
506 25 144
56 10 113
70 10 113
205 123 125
12451 4312 268
12341 12351 263
99321 123 351
4231 123 238
987851 9853 525
7231 9450 260
5001 1000 238
12001 2000 268
3001 200000 383
501 25 144
55 10 113
75 10 116
20 1235 182
1245 43125 324
1234 123515 354
9932 1235 262
423 1235 182
98785 98535 266
723 94505 351
500 10005 262
1200 20005 279
300 200005 383
50 255 128
5 107 119
7 107 119
20 1237 182
1245 43127 324
1234 123517 354
9932 1237 262
423 1237 182
98785 985377 525
723 94507 351
500 10007 262
1200 20007 279
300 20007 279
50 257 128
