1 1000000 525
1000000 1 525
2 2 2
1 27 112
375449 800006 509
201098 886537 525
30330 962769 525
487954 919603 525
270047 961016 525
154110 638804 509
151595 216107 383
761275 956786 525
299096 717036 509
555131 558887 390
417478 919287 525
432883 759644 509
115276 232779 443
178213 438361 449
898516 937037 476
127054 465410 449
192943 579368 470
527827 755465 509
517536 720771 509
232992 671181 509
83989 23017 351
704307 33162 509
310432 105004 443
359046 68391 443
171948 771507 509
172820 379726 443
268968 807253 509
296878 991406 525
306371 280335 389
952535 366551 525
381901 83211 443
884500 349886 525
335434 498925 449
362048 576805 470
206639 242255 443
634005 501488 509
344438 783467 509
79259 591063 470
658237 354328 509
874353 963514 507
617975 329373 470
359425 117815 443
825466 729305 468
437523 501824 444
210327 569834 470
99707 146029 375
955314 61174 525
423178 95940 449
725889 30290 509
127645 812638 509
105555 269370 443
775928 273318 509
577303 19464 470
525137 534624 408
421272 639031 509
652861 636053 416
115125 203729 383
801909 117909 509
497414 952639 525
542324 601857 452
535405 973300 525
521457 87355 470
113815 970359 525
885999 20628 525
302023 664908 509
753668 588732 509
823807 324856 509
654076 889279 525
352538 690676 509
438890 987689 525
59210 181312 383
942203 272955 525
803741 972679 525
722851 66896 509
760908 71566 509
768350 159217 509
