1 10 20
100 200 125
201 210 89
900 1000 174
1 5000 238
500 1000 179
636706 646624 416
646625 676606 442
676607 678404 336
678405 708464 504
708465 736918 424
736919 773552 468
773553 787745 437
787746 802768 468
802769 865712 525
865713 886007 432
886008 999999 507
669102 383457 509
642391 369785 509
338433 518771 470
364649 437590 449
982073 549389 525
236453 235942 337
384656 785052 509
27200 490932 449
674382 311521 509
354408 530015 470
129506 48720 354
800985 910896 525
823053 896046 525
534539 530390 377
819737 64324 509
470282 148401 449
59271 91887 351
55779 96788 351
41893 56889 340
75970 90188 351
65163 83870 351
45916 49588 314
40915 58349 340
87196 90179 333
7044 86491 351
19447 61757 340
45566 54736 340
60222 74364 335
63040 66645 330
90039 93827 333
14439 18917 279
1 999999 525
50 2 112