900 1000 174
999 1 179
44 500000 449
100 200 125
1000 2000 182
10000 20000 279
100000 20000 351
1 100000 351
100000 1 351
34567 67898 340
39926 88 324
1776 1812 162
1 1 1
100000 100000 351
999999 100000 525
888888 999999 507
1 10 20
100 100 119
3712 6171 262
10972 13255 276
10971 13255 276
837799 626332 525
837799 626331 525
19 25 24
20 25 24
77777 88888 338
88888 77777 338
47893 987 324
289 289 128
935 100000 351
10000 935 262
100000 1000000 525
410010 401011 405
235 313 131
236 313 131
235 314 131
236 314 131
1 2 2
1 50 112
2 1 2
511934 600000 470
300000 230630 443
703 871 179
871 704 179
655 667 145
655 666 145
656 667 145
656 666 114
654 655 145
655 654 145
655 655 145
