1 10 20
100 200 125
201 210 89
900 1000 174
1 1 1
5 5 6
1 9 20
9 1 20
1 10 20
1 10 20
1 1 1
1 1 1
2 3 8
1 3 8
123123 313111 443
999999 999999 259
999998 999999 259
999988 999989 109
1 2 2
9 914 179
413 1342 182
41234 111110 354
11111 22222 279
11 22 21
333 4444 238
5555 5556 130
77777 88888 338
4444 5555 210
5555 6666 262
7777 9999 260
1111 2222 182
333 444 134
322 333 144
666 999 179
22211 332331 443
43241 543521 470
67454 875851 525
11114 392831 443
101010 898989 525
33 222 125
444 878 179
6616 23443 279
9999 22222 279
13579 97531 351
912311 999999 507
521555 555551 452
92305 1 351
341341 1 443
31341 1 308
888 1 179
5151 3 238
64262 10 340
134141 222 354
3134 321 217
999998 999997 259
