1 10 20
100 200 125
201 210 89
900 1000 174
54908 280680 443
91422 806310 509
279502 427024 449
112932 879235 525
917322 944976 507
40008 397541 443
562249 589634 434
348335 357353 379
54423 893478 525
141619 167419 383
353598 588212 470
350011 735776 509
171733 257073 443
1752 949911 525
457469 811166 509
91870 921311 525
395937 626629 509
6916 73272 340
330783 767599 509
106994 470100 449
46020 949380 525
97271 699546 509
132383 149082 375
828451 950648 525
22268 305977 443
451557 955411 525
500091 601262 470
278210 492090 449
38529 878537 525
319918 806140 509
360147 547011 470
506422 840431 525
216912 861167 525
638481 669785 442
552679 592251 434
330578 848653 525
13158 417583 449
806648 936317 525
537660 677543 509
455488 718104 509
564679 669362 509
699042 835157 504
625481 933336 525
509752 874000 525
545899 700942 509
392715 439874 449
33389 534844 470
790808 888503 525
190280 676805 509
761086 860032 525
86623 958028 525
510558 690041 509
178391 274609 443
351169 353283 379
