19169 63748 340
45826 88160 351
94887 97004 328
70375 95436 351
64754 97653 351
11090 24267 282
27947 54786 340
1237 37461 324
66038 83928 351
65792 98780 351
22681 60922 340
65249 79781 351
63265 82797 351
11080 12680 263
20961 76313 340
46974 67189 340
11598 30520 308
20765 69462 340
37802 94024 351
36335 92202 351
55848 72867 335
9212 85004 351
45568 50678 314
42068 79343 351
28942 65220 340
22801 60471 340
3111 49608 324
14670 45393 324
17822 55833 340
25744 95944 351
28500 33092 285
1159 3837 238
18124 99043 351
78906 81773 320
29412 75528 340
56626 75735 335
43035 78895 351
11498 19746 279
16238 76629 340
20945 78338 351
9785 63217 340
53432 98973 351
5705 61089 340
19157 90031 351
55540 91920 351
17893 56265 340
49106 54885 340
35273 83736 351
37254 85576 351
40092 40861 275
33503 60870 340
10663 85403 351
73002 95306 351
8958 63029 340
8049 82093 351
15615 97495 351
16933 74234 340
7037 9782 260
93 45269 324
456 37873 324
58851 82797 351
73809 80092 351
50846 75193 340
583 35950 324
46777 78553 351
65326 67536 268
15230 47648 324
5657 54296 340
49859 73651 340
13095 88717 351
49779 66853 340
40267 56822 340
26887 67755 340
44971 98638 351
18189 80598 351
20297 59051 340
3604 51808 324
45186 70139 340
464 57479 340
38947 69791 340
40744 80616 351
36352 79935 351
47849 73404 340
32323 68886 340
65262 84798 351
30232 80472 351
38540 46872 314
19306 99571 351
17300 77075 351
887 8755 262
18401 91829 351
1236 91676 351
6928 50971 324
24802 62277 340
35861 38151 306
25479 70770 340
46919 95903 351
37252 77957 351
43600 51662 314
5727 79615 351
