1 10 20
100 200 125
201 210 89
900 1000 174
100 200 125
1000 2000 182
100000 200000 383
1234 5678 238
5678 1234 238
1 1000000 525
10000 100000 351
1 1 1
1000000 1000000 153
500000 1000000 525
5000 10000 262
2500 1 209
3456 6543 262
7653 6434 257
9876 7654 260
15000 16090 271
999999 1000000 259
5432 65453 340
54322 453243 449
654334 999945 525
32345 65433 340
343 434 134
434 343 134
12 13 10
5654 453 238
56543 76841 335
12045 40053 324
67329 48973 340
54032 65453 335
5422 453243 449
6544 9945 260
345 654033 509
43 43004 324
4340 343 238
120 130 122
5654 453 238
56543 76841 335
12 4053 238
67309 4803 340
9021 47839 324
321 7654 262
34521 98765 351
76453 867 340
7654 9863 260
654 43 145
534234 765454 509
95 876 179
87 64345 340
6543 1 262
34356 764 311
77 43 116
8754 75434 340
324556 8764 443
1000000 888888 507
888888 666666 525
666666 444444 509
444444 222222 449
111111 123986 349
103024 1273 351
32164 754 308
247 863322 525
75434 7543 340
9953 87355 351
