1 10 20
100 200 125
201 210 89
900 1000 174
900000 1000000 507
1 1 1
4254 685038 509
11111 987654 525
1 1000000 525
1000000 1000000 153
645991 273610 509
664635 935862 525
757389 73828 509
9147 728653 509
403784 267140 441
398077 274854 441
554483 224661 470
659949 456919 509
894548 836843 525
219443 109566 386
978308 597726 525
366622 744790 509
283495 271750 389
508781 357797 449
443846 260693 449
757518 965291 525
898362 597772 525
326185 814316 509
342651 792224 509
435373 509971 444
579725 958987 525
361176 902988 525
62113 952415 525
768086 6075 509
572345 16856 470
683966 464386 509
487330 578438 470
791038 190841 509
218557 424293 449
674912 692068 442
81578 133393 354
626809 763526 504
521728 538982 408
852358 277773 525
394402 108984 443
163697 885487 525
603330 441884 470
413503 371115 449
781129 278304 509
787392 677129 504
840369 174488 525
116045 344063 443
319757 884377 525
769279 807535 468
251611 991643 525
232413 346786 441
381649 420846 449
923576 551061 525
675944 715422 504
914530 164641 525
429160 678445 509
291648 927384 525
618376 336821 470
718923 1590 509
165659 305669 443
903667 61686 525
576354 385138 470
914368 811159 525
843619 972773 507
33291 954048 525
609267 429715 470
82355 875224 525
63305 330979 443
918923 248865 525
316437 261451 407
903438 3302 525
978241 840685 507
361390 13650 443
352753 533514 470
425509 159253 449
724113 84760 509
649237 536957 509
469748 837264 509
54772 60279 322
299616 563010 470
4084 596032 470
983678 623059 525
150247 858609 525
249509 956280 525
