1 10 20
100 200 125
201 210 89
900 1000 174
20 30 112
12 12 10
12 13 10
12 14 18
50 51 25
51 50 25
1 1 1
1 2 2
2 1 2
5651 5177 236
16516 16515 191
232144 165151 443
15212 21315 279
65654 98988 351
21212 21212 150
23333 12125 279
89457 16218 351
32558 48778 324
51223 12144 324
58899 12121 340
87565 52615 351
2216 3215 217
8884 5612 262
500 600 137
333 222 144
5151 2121 238
21799 5187 279
51621 165156 383
21321 44455 324
100 200 125
220 230 115
140 150 117
222 221 115
9858 5177 262
1652 15651 276
1 1000000 525
1 999999 525
2 1000000 525
2 999999 525
100000 1 351
100000 2 351
99999 1 351
99999 2 351
5661 2123 238
2227 2695 209
121 999 179
1 999 179
1 1000 179
2 1000 179
2 999 179
