1 10 20
100 200 125
201 210 89
900 1000 174
5 5000 238
1 2000 182
100 2 119
400 1000000 525
91491 19430 351
1000000 1000000 153
444504 450000 369
912 1000 174
10 10 7
403 3000 217
800000 900000 525
9000 11000 268
6534 6535 138
9999 10000 92
854209 900245 445
29 450431 449
667 23 145
1000000 1 525
134153 144903 375
688901 689903 336
1005 100004 351
14331 134901 354
550022 329012 470
112 1213 182
44 999999 525
999999 1000000 259
798190 810902 406
653 134 145
9 10 20
881818 891919 445
7000 7001 32
4529 5690 236
232 45409 324
2542 4590 238
452 4290 238
898990 989174 507
4930 2 238
324893 349300 441
3439 34893 311
3438 548920 470
2458 4 183
5 10 20
1199 1232 164
34893 34 311
54 1000000 525
1000000 900000 507
1349 4 182
43111 343434 443
