1 10 20
100 200 125
201 210 89
900 1000 174
719174 193199 509
672446 951518 525
105116 681302 509
890838 162183 525
110268 109309 310
651109 613962 509
762258 887953 525
764956 94616 509
902457 418382 525
753682 788832 468
939629 401772 525
678397 720335 504
774019 914925 525
422260 800715 509
780301 91828 509
823078 180114 509
862138 758334 525
916510 884248 476
323227 627691 509
770046 203968 509
881320 18310 525
275001 726910 509
944512 237182 525
52753 415875 449
922276 537186 525
917421 383594 525
575840 707464 509
391249 464156 449
65225 73580 325
817410 102224 509
221196 898360 525
231115 316798 407
247653 738094 509
470149 668515 509
522416 369391 470
249019 656971 509
201463 860463 525
413024 91911 449
278320 403802 441
125414 247544 443
886953 7436 525
38419 361866 443
338437 371078 441
706658 470464 509
800240 59139 509
324977 853762 525
210240 752049 509
303653 731436 509
407016 364762 436
718315 360150 509
