1 10 20
100 200 125
201 210 89
900 1000 174
10 1 20
200 100 125
210 201 89
1000 900 174
1 1 1
1 2 2
2 1 2
1 210 125
210 900 179
210 1000 179
2 4 8
1 10 20
10 1 20
1 3 8
309595 202076 443
912542 402782 525
715603 672096 504
97063 848245 525
14024 852397 525
246332 580004 470
76267 988710 525
921116 257416 525
617684 710948 509
870886 772988 525
281359 221533 443
232230 129038 443
592301 395768 470
634881 626791 385
526037 934169 525
566494 419318 470
822874 937548 525
615261 164026 470
759075 735682 424
345890 400354 441
932983 351946 525
557659 740849 509
555974 122611 470
694924 803067 504
736685 299348 509
191217 387733 443
873465 695878 525
826001 528696 509
123503 574121 470
49666 408989 443
363099 580758 470
566990 766744 509
125533 541676 470
617413 924354 525
631885 678740 442
985809 845354 507
84884 785499 509
65286 102931 351
287163 452180 449
947152 687397 525
355490 730850 509
399539 322766 441
144923 522000 470
269752 351936 441
872300 254638 525
249558 999914 525
847901 383970 525
956422 165627 525
680820 124950 509
