1 10 20
100 200 125
201 210 89
900 1000 174
1 1 1
1 100 119
500 600 137
100 1000 179
501 1000 179
10000 100000 351
100000 999999 525
10 1 20
100 1 119
1000 1 179
10000 1 262
10 10 7
1 1 1
5 5 6
10000 10000 30
717488 504575 509
892780 943399 507
847085 188201 525
566043 518454 452
416193 517456 470
166381 722116 509
873270 661444 525
419888 934238 525
806806 817781 406
893061 26457 525
309128 522525 470
24171 712772 509
45563 858578 525
559978 125973 470
429142 317368 449
247835 771528 509
524465 589149 452
223270 924961 525
718932 46035 509
751294 486332 509
657010 633445 429
269514 537464 470
423037 324820 449
689198 955570 525
338624 339040 291
126389 408993 443
409706 716646 509
561676 269460 470
337867 247665 407
159522 253425 443
596472 529436 452
113524 783304 509
753349 73380 509
846996 164022 525
216744 184808 386
201726 490423 449
963512 731477 525
104109 357245 443
301811 317929 384
400854 986700 525
995693 230572 525
74248 108581 354
218714 872476 525
25892 188024 383
958829 488890 525
300369 293754 371
728182 105954 509
427770 963515 525
670475 73094 509
496545 598673 470
618639 789006 509
42727 778972 509
545057 476392 470
242124 590623 470
243510 221761 443
17906 404543 443
900468 151273 525
415996 474314 444
974567 333797 525
931138 578980 525
310354 1150 443
754201 514505 509
161605 685336 509
63280 816298 509
763751 301379 509
864968 842009 419
186090 678246 509
686317 29289 509
578947 935166 525
777343 247503 509
163709 48628 383
307518 705096 509
755739 417500 509
784460 953789 525
353440 361242 410
912723 464707 525
845970 897942 445
672837 880583 525
463915 677050 509
1 1000000 525
1 101 119
901 1001 174
25959 230469 386
