1 1 1
1 10 20
100 200 125
201 210 89
900 1000 174
1000 900 174
10 10 7
25 123456 354
75 75 15
15462 89562 351
1000000 1000000 153
555555 777777 509
917106 380764 525
942073 705857 525
565105 639732 509
342840 673962 509
173604 477962 449
511190 804767 509
547221 491375 470
715440 673756 504
593641 211186 470
967861 752271 525
306527 720383 509
586145 677277 509
170506 356754 443
348192 553054 470
50334 254022 443
106891 15320 354
353881 527546 470
534024 41240 470
468568 345865 449
777133 801418 468
350118 752806 509
422780 439046 418
865756 15097 525
263070 876698 525
36445 886639 525
476387 211478 449
338241 510976 449
517288 492727 470
130989 802525 509
825930 286123 509
701272 491910 509
322871 788575 509
554984 887412 525
796593 513412 509
137149 491983 449
125483 986661 525
835219 92003 509
110096 586686 470
199873 846068 525
435157 672931 509
616902 753327 509
138020 361919 443
976851 725058 525
133799 198213 383
104437 413724 449
817066 468302 509
989725 108426 525
336699 550551 470
