1 10 20
2 20 21
2 10 20
15 30 112
15 15 18
20 10 21
20 50 112
30 50 110
50 30 110
87 99 119
111 222 125
99 100 26
98 788 171
555 888 179
164 158 112
123456 123789 305
151515 123233 375
888 999 174
7878 12334 268
879 1578 182
99999 199999 383
8521 9632 260
148 14789 276
25879 365478 443
888888 258889 525
1569 3578 217
4878 595959 470
3465 37849 324
21548 211588 383
25825 36936 324
6457 215414 383
1515 48484 324
999999 111111 525
1 555555 470
10 12 15
215 5858 238
64649 154786 375
55548 665478 509
11478 632626 509
22154 665656 509
4778 215 238
326 4545 238
2525 8878 262
666 667 145
9154 37654 324
5515 88888 351
31245 67948 340
9784 546125 470
36147 258547 443
6947 361425 443
89754 88888 315
12 32 112
5 9 20
63 70 108
99 199 125
10001 100001 351
998 10001 262