1 10 20
100 200 125
201 210 89
900 1000 174
1 10 20
1515 5252 238
300 400 144
400 500 142
412 7001 262
500 400 142
4679 276116 443
36369 99999 351
78979 456845 449
444 888 179
1 2 2
999999 1000000 259
5 4 6
39707 789379 509
378792 182888 443
789456 654987 504
456123 321654 449
3498 6843 262
1 100000 351
101 105 88
258 369 144
357159 159753 443
25468 68524 340
78946 3 351
121121 3469 354
1717 23999 282
987 789 179
123456 654321 509
678911 7634 509
11 111 119
99 8736 262
4564 45646 324
24 46 112
1 333 144
388 356756 443
212356 2365 383
55 594733 470
785645 9 509
78 98 119
7777 6666 257
666 555 145
1 1000000 525
835 35818 324
11 22 21
22 33 112
346709 907 443
35 246 128
348900 78 443
1101 2201 182
1 6901 262
