1 10 20
100 200 125
201 210 89
900 1000 174
10 1 20
122 222 125
222 122 125
589 456 142
26 26 11
199 254 128
21615 2616 279
216165 615111 470
155 255 128
111 222 125
222 333 144
333 444 134
444 555 142
555 666 145
666 777 171
777 888 179
1000 2000 182
2000 3000 217
3000 4000 238
4000 5000 215
5000 6000 236
6000 7000 262
8000 9000 247
9000 10000 260
11 22 21
22 33 112
33 44 110
44 55 113
55 44 113
44 33 110
33 22 112
10 30 112
30 50 110
50 70 113
700 900 179
900 1100 174
1100 1300 182
1300 1500 177
1500 1700 180
5000 10000 262
10000 20000 279
50000 100000 351
100000 200000 383
200000 300000 443
50000 10000 324
1212 1313 177
888 777 179
777 666 171
