397781 489134 449
481703 430750 444
614959 953795 525
724978 407278 509
505915 906043 525
156563 463735 449
226925 219794 368
556755 748029 509
372044 829601 509
100032 777302 509
186827 70859 383
36619 403292 443
810190 736451 468
815127 75294 509
607602 210767 470
133435 203941 383
11057 518834 470
23781 947329 525
71419 970734 525
214958 371127 443
87926 26237 351
176902 757745 509
507561 675546 509
849634 328538 525
78093 195607 383
131393 97456 354
863065 336037 525
609258 393662 470
795537 515788 509
807617 346117 509
554268 872446 525
857454 219670 525
644024 312822 509
627001 627411 310
184916 520746 470
712012 576164 509
459888 6487 449
624540 347657 470
988477 80098 525
293814 100933 443
474616 783495 509
105994 829312 509
731742 848228 525
417570 988005 525
26388 405760 443
187264 366051 443
460963 284210 449
95953 898786 525
791643 7905 509
496493 417887 444
828783 828528 313
90655 150450 375
149815 29613 375
571098 62194 470
829456 750728 468
703810 108449 509
57392 402683 443
726990 849958 525
89384 420611 449
98474 885237 525
