1 10 20
100 200 125
201 210 89
900 1000 174
172499 338785 443
606039 919166 525
27537 180891 383
45934 46894 283
9 43 112
1 3000 217
92927 201561 383
125206 298763 443
8924 155068 375
415492 664696 509
203222 495637 449
114200 139949 349
12762 288608 443
268549 854238 525
2767 808749 509
196533 320239 443
16589 946799 525
401 67774 340
36302 167196 383
33580 263995 443
249197 946430 525
91011 94089 333
171731 993847 525
39707 789622 509
613800 945345 525
106803 758561 509
226637 978199 525
418075 865248 525
574684 634009 509
191116 480499 449
817462 893981 525
127635 811570 509
340753 751223 509
654129 878934 525
462433 782102 509
508222 821434 509
236478 352143 441
680895 759626 504
176313 818006 509
185872 836762 509
766633 913632 525
249807 650480 509
1331 617487 470
332680 664229 509
279274 716620 509
382116 925747 525
437713 528225 470
486581 967915 525
374164 921024 525
413973 788457 509
295324 617082 470
268775 476299 449
582885 872738 525
65379 276818 443
275047 798647 509
257395 510899 449
279896 503865 449
346187 708457 509
47847 821512 509
957173 987933 458
24810 745632 509
146281 897999 525
80095 683670 509
227471 957033 525
742170 763435 424
715537 734929 411
617012 850708 525
104302 873809 525
88625 910380 525
577403 703963 509
493637 847985 525
119164 865282 525
174916 206356 365
10488 482978 449
714438 894028 525
601105 728833 509
96604 875067 525
82518 653128 509
112329 317023 443
212047 808179 509
978184 988485 427
122310 872486 525
522421 709685 509
10806 944958 525
75787 529111 470
787248 982767 525
425680 844908 525
389618 713879 509
126863 293645 443
433976 605598 470
441332 604924 470
70964 194500 383
673936 722736 504
86849 425238 449
725209 954430 525
421997 849449 525
701052 878379 525
430516 983358 525
314438 861762 525