48022 183444 383
391809 259254 441
96268 405422 443
812545 853775 525
790144 20216 509
557239 245920 470
510330 109296 449
701292 86222 509
870444 497402 525
99084 116620 354
549023 567538 421
320103 538848 470
258514 611216 470
630798 171842 509
958280 960894 352
268150 541059 470
640113 694207 442
31452 986898 525
759843 351575 509
752483 526515 509
633395 738777 504
609408 845837 525
399099 346019 436
815947 80674 509
691917 399743 509
82788 11648 351
974221 185225 525
444131 278146 449
417959 819944 509
917449 785404 525
508946 828283 509
500358 527696 470
419196 738489 509
825301 969073 525
116094 972085 525
476025 750973 509
813581 528568 509
501806 44955 449
23255 30875 308
102213 140773 354
891268 517597 525
151970 129831 375
49359 336785 443
746835 23540 509
399094 26383 443
124325 433168 449
284931 691003 509
581687 103254 470
54687 175199 383
343164 541181 470
555801 738524 509
918854 200129 525
166673 752914 509
833877 17222 509
407460 835079 509
526752 631915 509
765200 414694 509
688316 895275 525
678193 868017 525
167566 825370 509
726686 736385 424
839460 557109 525
691228 727737 504
510372 255987 449
345028 910366 525
259357 526876 470
710348 927553 525
675503 750562 504
933465 149866 525
743146 11177 509
867690 877001 432
125897 700202 509
350197 140727 443
478182 379290 449
995261 667711 525
