1 10 20
100 200 125
201 210 89
900 1000 174
10 15 18
16 20 21
5000 5005 179
5005 5000 179
70 90 116
400000 400003 193
6000 6017 187
999997 999999 259
1000000 999990 259
5 5 6
888888 888899 264
999990 1000000 259
71 53 113
25 30 112
87665 87669 196
7 9 20
395 404 121
666 666 114
23 24 16
25 19 24
3 9 20
45 30 110
3 4 8
40 43 110
205 210 89
700007 700017 305
16 1 20
1 100 119
12 16 18
190000 190003 148
14 10 18
13 12 10
45000 45008 177
32000 32005 148
760 770 153
29 31 107
700 707 171
671 672 96
403 410 41
2100 2099 64
16 15 18
1000000 1000000 153
123 121 96
2 3 8
1 2 2
800 807 73
