1 10 20
100 200 125
201 210 89
900 1000 174
8070 177000 383
9344 54510 340
543 43500 324
165 34264 311
35450 143000 375
50 100000 351
90000 100000 333
930 7800 262
785 1000 179
56789 98765 351
45499 178999 383
2234 66777 340
52080 512655 470
550 145300 375
78890 104500 341
1 1000000 525
9999 100000 351
235237 123190 443
286104 849015 525
979045 415977 525
73421 953492 525
863062 407886 525
194511 441924 449
25294 420063 449
402908 647285 509
781047 501886 509
5711 646607 509
624917 691880 509
480185 619558 470
168104 971095 525
571633 453153 470
932102 736359 525
762856 209523 509
681962 201615 509
260039 52048 443
488249 120360 449
939953 574347 525
16068 362718 443
944387 70157 525
352589 811945 509
730958 635094 504
205364 877322 525
313436 474769 449
749439 964020 525
515299 956311 525
646814 978301 525
857688 763137 525
