1 10 20
100 200 125
201 210 89
900 1000 174
493371 534582 470
616116 567240 447
687892 327910 509
160812 792596 509
4440 388099 443
587033 165719 470
717401 384807 509
140021 445699 449
590663 288320 470
467120 187889 449
869977 580834 525
120271 794344 509
459034 609154 470
599060 956220 525
177366 749211 509
604708 543792 452
454954 458978 356
626632 200926 509
885156 449971 525
53502 309820 443
679137 537318 509
995510 610540 525
779174 32303 509
653633 262042 509
636540 306205 509
79387 997223 525
534153 596308 452
470731 983021 525
771974 288679 509
224658 187822 386
136573 874196 525
822231 469188 509
372047 362929 392
841616 509373 525
577267 470486 470
58384 266823 443
702586 595592 509
460307 857668 525
806360 575608 509
892490 430007 525
739174 815726 468
908635 474939 525
113977 835731 509
9607 772904 509
546656 362152 470
321433 218805 443
643128 979268 525
949834 269289 525
122500 73135 354
438054 802715 509
956822 674686 525
963742 663839 525
255281 499765 449
800010 846434 525
999209 180593 525
60196 885001 525
435964 4850 449
213476 298894 443
584800 442887 470
765973 337442 509
119395 832226 509
185880 146875 383
248131 450590 449
380942 217361 443
31646 548375 470
70169 927277 525
279039 51267 443
811201 690747 504
7036 583947 470
926293 424050 525
860799 858350 370
253651 909031 525
423425 239933 449
886016 927668 476
228047 152895 386
