1 10 20
100 200 125
201 210 89
900 1000 174
1 1111 179
12 1670 182
30304 392928 443
34984 979795 525
50 100 119
1 100459 351
43553 222222 386
5 5555 238
2345 467546 449
123 456 144
456 7890 262
192 583929 470
55 55567 340
10 200 125
6600 56533 340
300 310 87
525 525 31
202000 909000 525
3656 35463 311
6457 6543 200
1 599 144
2 678 145
111 112 70
999998 999999 259
5 90 116
23 2323 183
60 90000 351
9 9999 262
9090 90909 351
42 4242 238
80 8000 262
666666 942156 525
50 100000 351
1 10000 262
2 20000 279
3 30000 308
4 40000 324
5 50000 324
6 60000 340
7 70000 340
8 80000 351
9 90000 351
10 100000 351
76543 234570 443
500 501 111
1 326 131
321 89060 351
209 4304 238
24 43 112
21111 90000 351
9876 12345 268
67 76 116
4334 393408 443
23497 598308 470
1 1000 179
7654 9090 252
57 329 144
8680 42452 324
10000 120000 354
90 909090 525
4566 6653 262
250 49762 324
49622 100000 351
759 64098 340
234 909 179
9876 34090 308