1 10 20
100 200 125
201 210 89
900 1000 174
1 1 1
1 100 119
100 1 119
1 1000000 525
1000000 1 525
39120 174835 383
590272 91349 470
764098 860351 525
525138 965206 525
336159 348077 441
180036 795562 509
194988 288175 443
376440 445089 449
153409 982920 525
188905 409779 443
730794 948929 525
49888 897136 525
290741 309240 371
171502 352454 443
625688 983956 525
552799 938452 525
32365 275969 443
349611 776173 509
662507 702661 442
474778 527102 470
48111 886433 525
187555 372442 443
402359 558574 470
173511 294926 443
194315 709000 509
438016 899588 525
751544 849731 525
217445 433741 449
49753 358744 443
47662 873610 525
241564 639945 509
237260 607110 470
459879 704026 509
641760 879526 525
15253 649856 509
283378 733945 509
299677 893980 525
439465 527470 470
126160 190138 383
21354 505119 449
603091 842315 525
91988 480325 449
600286 713298 509
28644 603713 470
154555 332703 443
810406 998953 525
94145 371523 443
490853 507343 426
250198 389868 441
125669 384022 443
