593929 752310 509
947735 169376 525
767411 664675 504
794734 929376 525
542872 641080 509
916170 811391 525
863444 671975 525
538367 11216 470
170311 121157 383
856799 314377 525
847528 928285 476
376918 210823 443
300657 467782 449
87320 608029 470
209892 274482 443
675943 531965 509
584627 865820 525
160772 277260 443
203622 196958 342
57917 592070 470
477895 326639 449
355262 699793 509
228354 805604 509
324920 95301 443
807382 314396 509
72022 977561 525
804751 141898 509
561881 776878 509
627711 252363 509
431837 898769 525
673233 258258 509
368301 417392 449
338910 416249 449
753488 445581 509
86613 610452 470
192064 490154 449
877592 455462 525
310056 299029 371
221435 820362 509
965295 612035 525
680374 140499 509
969916 830114 525
529373 967571 525
840453 415868 525
853871 628846 525
671205 599861 509
355536 426618 449
380059 422722 449
600719 64983 470
249078 217679 443
723091 146797 509
224867 631038 509
589757 453297 470
792129 728429 468
530053 417955 470
551523 194653 470
684970 553988 509
611256 906586 525
951373 272437 525
177551 646362 509
242554 290002 407
269946 235280 407
670750 567177 509
705409 892221 525
643661 598583 509
444221 11131 449
304249 674205 509
994852 981578 427
47146 376997 443
382383 701727 509
214090 269391 443
565216 281600 470
715084 461287 509
261 779413 509
996588 290333 525
888368 576284 525
507122 66447 449
375121 122178 443
568060 640911 509
427132 336118 449
895641 101440 525
597584 918415 525
940832 979102 458
951870 651193 525
374949 823804 509
158824 751964 509
762572 578658 509
619049 621846 372
567616 853899 525
850447 767946 525
40204 310346 443
51659 652267 509
715620 295664 509
699307 446262 509
564471 70906 470
65200 973935 525
100780 391810 443
459572 827098 509
961142 821337 525
601910 571061 434
145381 394421 443
650947 689152 442
818445 648729 504
48636 706481 509
632207 922560 525
15929 661936 509
906806 352319 525
811547 989284 525
576415 681766 509
113092 237075 443
654637 532326 509
268628 348289 441
143056 75101 375
453569 267277 449
405135 58282 443
586915 230030 470
313619 376204 441
234616 878763 525
709787 211710 509
719698 36217 509
457399 942202 525
765713 894313 525
122316 738862 509
298099 998651 525
924931 768792 525
403483 543369 470
440281 576018 470
539093 913218 525
435045 883293 525
147369 515043 470
207507 32531 383
867126 168289 525
506327 23549 449
732076 682721 504
772008 995268 525
348188 201415 443
473141 656202 509
871384 536930 525
137594 375161 443
755429 182359 509
925416 732138 525
40809 287644 443
133149 514919 470
414637 587752 470
268374 238556 407
689425 282912 509
977911 399563 525
162901 406130 443
13068 278998 443
180987 32788 383
255011 797044 509
450747 844422 525
171032 317679 443
96370 107656 354
894058 782895 525
19417 703550 509
857215 542675 525
104133 583473 470
339535 978558 525
552015 733324 509
871043 287338 525
797662 568831 509
785254 927483 525
90481 817015 509
522904 247440 470
716410 880955 525
789212 263184 509
397256 897451 525
970046 14875 525
964069 938680 507
241990 964891 525
938640 850417 476
288523 502464 449
617520 793169 509
711083 371376 509
863054 795442 525
599057 809918 509
250129 366620 441
299501 375076 441
587966 203092 470
462903 124011 449
457787 47085 449
22714 906424 525
296572 390437 441
60280 846245 525
842894 39935 525
640898 389210 509
606627 195456 470
848999 553575 525
783275 168985 509
789087 145082 509
395451 182034 443
565870 188523 470
890975 843494 445
787166 324292 509
7299 130676 354
94774 470554 449
705453 622604 509
908249 45972 525
655804 940833 525
