1 10 20
100 200 125
201 210 89
900 1000 174
1 1 1
1 2 2
3 1 8
4 6 9
6 8 17
7 9 20
10 20 21
20 26 24
27 50 112
53 72 113
72 97 119
98 128 114
130 170 117
171 230 125
231 311 128
315 615 144
600 700 145
700 800 171
800 1100 179
1100 2200 182
2200 2400 183
2000 3000 217
3000 6000 238
6000 10000 262
10000 12000 268
13000 16000 276
16001 16999 266
17001 19999 279
20000 24999 282
25000 30000 308
30000 34999 311
35000 45678 324
50000 75000 340
75757 101010 351
100100 131313 354
141414 151515 375
160160 210210 373
215500 216367 386
216367 230230 386
230032 410014 449
511511 515515 470
606060 666666 509
696969 800800 504
808808 909909 525
998999 999999 396
999999 1 525
1 1000000 525
281 512 144
936 512 179
936 689 179
123456 654321 509
135790 246800 443
1000000 1000000 153
