1 10 20
100 200 125
201 210 89
900 1000 174
876596 880891 401
840488 840694 282
59428 62392 335
295242 295348 234
742729 747132 349
841157 841450 282
844280 844583 313
483478 483505 245
967924 968351 321
386658 386813 224
737885 737897 137
97233 108499 354
849293 849386 282
25835 100520 351
553318 553393 240
859041 859119 251
415440 418302 387
217510 224487 355
214990 216657 386
790655 791839 344
803647 803791 269
858051 858184 251
826646 827313 282
856010 856253 282
292473 301060 371
385293 385299 237
771029 771148 300
967455 968342 321
481987 483303 351
268098 268232 239
226089 226335 262
246287 248827 350
340632 358031 441
188694 190840 360
958707 958734 259
206058 207142 373
570487 573831 372
329845 338746 366
416747 417055 281
44826 87860 351
134957 138131 344
941733 944234 352
397203 397895 299
786143 786379 300
136546 137088 313
390785 392953 361
553841 557939 421
497930 498556 351
406813 407526 343
30870 58580 340
216867 226194 368
356150 357120 348
682454 683111 305
180647 184240 334
102800 104636 310
205489 205499 205
546823 550603 377
550775 551438 284
443068 446189 338
175385 183002 365
672034 678103 385
584997 587553 359
162695 164272 321
768008 769499 393
488870 490576 351
601653 602338 385
136579 136579 132
